Arguments: 
  C:\program files\nodejs\node.exe C:\Users\Psych\AppData\Roaming\npm\node_modules\yarn\bin\yarn.js add --dev @babel-cli @babel/core @babel/node @babel/polyfill @babel/register @babel/plugin-proposal-class-properties @babel/plugin-proposal-export-namespace-from @babel/plugin-proposal-function-sent @babel/plugin-proposal-json-strings @babel/plugin-proposal-numeric-separator @babel/plugin-proposal-object-rest-spread @babel/plugin-proposal-throw-expressions @babel/plugin-syntax-dynamic-import @babel/plugin-syntax-import-meta @babel/plugin-transform-modules-commonjs

PATH: 
  C:\Program Files\Git\mingw64\bin;C:\Program Files\Git\usr\bin;C:\Users\Psych\bin;C:\Program Files (x86)\Google\Chrome\Application;C:\Python27;C:\Python27\Scripts;C:\programdata\oracle\java\javapath;C:\windows\system32;C:\windows;C:\windows\system32\wbem;C:\windows\system32\windowspowershell\v1.0;C:\users\psych\appdata\roaming\nvm;C:\program files\nodejs;C:\program files\microsoft sql server\130\tools\binn;C:\program files\dotnet;C:\program files (x86)\gtksharp\2.12\bin;C:\program files\git\cmd;C:\Program Files (x86)\NVIDIA Corporation\PhysX\Common;C:\WINDOWS\system32;C:\WINDOWS;C:\WINDOWS\System32\Wbem;C:\WINDOWS\System32\WindowsPowerShell\v1.0;C:\WINDOWS\System32\OpenSSH;C:\ProgramData\chocolatey\bin;C:\Program Files\Java\jdk1.8.0_191\bin;C:\Program Files\nodejs;C:\Users\Psych\AppData\Local\Programs\Python\Python36\Scripts;C:\Users\Psych\AppData\Local\Programs\Python\Python36;C:\Ruby24-x64\bin;C:\Users\Psych\AppData\Local\Microsoft\WindowsApps;C:\Users\Psych\AppData\Roaming\nvm;C:\Program Files\nodejs;C:\Program Files\gs\gs9.21\bin;C:\Program Files\gs\gs9.21\lib;C:\Users\Psych\AppData\Local\Programs\Fiddler;C:\Users\Psych\AppData\Local\Microsoft\WindowsApps;C:\Program Files\Heroku\bin;C:\Users\Psych\AppData\Roaming\npm;C:\Users\Psych\AppData\Local\Android\Sdk\platform-tools

Yarn version: 
  1.12.3

Node version: 
  11.3.0

Platform: 
  win32 x64

Trace: 
  Error: https://registry.yarnpkg.com/@babel-cli: Request "https://registry.yarnpkg.com/@babel-cli" returned a 405
      at Request.params.callback [as _callback] (C:\Users\Psych\AppData\Roaming\npm\node_modules\yarn\lib\cli.js:65903:18)
      at Request.self.callback (C:\Users\Psych\AppData\Roaming\npm\node_modules\yarn\lib\cli.js:129018:22)
      at Request.emit (events.js:182:13)
      at Request.<anonymous> (C:\Users\Psych\AppData\Roaming\npm\node_modules\yarn\lib\cli.js:129990:10)
      at Request.emit (events.js:182:13)
      at IncomingMessage.<anonymous> (C:\Users\Psych\AppData\Roaming\npm\node_modules\yarn\lib\cli.js:129912:12)
      at Object.onceWrapper (events.js:273:13)
      at IncomingMessage.emit (events.js:187:15)
      at endReadableNT (_stream_readable.js:1098:12)
      at process.internalTickCallback (internal/process/next_tick.js:72:19)

npm manifest: 
  {
  	"name": "frontend-test",
  	"version": "0.0.1",
  	"description": "",
  	"main": "index.js",
  	"scripts": {
  		"start": "node index.js",
  		"test": "echo \"Error: no test specified\" && exit 1"
  	},
  	"author": "",
  	"license": "ISC",
  	"dependencies": {
  		"express": "^4.15.2"
  	}
  }

yarn manifest: 
  No manifest

Lockfile: 
  No lockfile
